<?xml version="1.0" encoding="UTF-8" standalone="yes"?>
<persistence xmlns:xsi="http://www.w3.org/2001/XMLSchema-instance"
  version="3.0"
  xmlns="https://jakarta.ee/xml/ns/persistence"
  xsi:schemaLocation="https://jakarta.ee/xml/ns/persistence https://jakarta.ee/xml/ns/persistence/persistence_3_0.xsd">
  <persistence-unit name="default">

    <class>data.entity.Product</class>
    <class>data.entity.Vendor</class>
    <class>data.entity.Category</class>
    <class>data.entity.Order</class>
    <class>data.entity.Customer</class>
    <class>data.entity.OrderItem</class>
    <class>data.entity.Cart</class>
    <properties>
      <property name="jakarta.persistence.jdbc.driver" value="org.hsqldb.jdbcDriver"/>
      <property name="jakarta.persistence.jdbc.url"
        value="jdbc:hsqldb:file:target/myDB;shutdown=true"/>
      <property name="jakarta.persistence.jdbc.user" value="user"/>
      <property name="jakarta.persistence.jdbc.password" value="password"/>
      <property name="jakarta.persistence.schema-generation.database.action" value="create"/>
    </properties>
  </persistence-unit>
</persistence>
